[17:04:36.133353] [SceneFactory] [info] (th=2784) Log level for 'SceneFactory' set to 'info'
[17:04:37.290493] [SceneFactory] [info] (th=2784) Plane is created: id: 2D2ACAEA-A2E1-4B1D-924F-F1A4AC89C885
[17:20:40.768932] [SceneFactory] [info] (th=2784) GhostObject is created: id: B9595555-D7DB-44FB-AE4A-9ECB642EFD58
[17:21:26.686198] [SceneFactory] [info] (th=2784) GhostObject is created: id: 0E9DBC52-493D-4636-9075-287953B7BBB6
[17:26:29.315774] [SceneFactory] [info] (th=2784) Plane is created: id: D1FCDAAB-1BAD-4153-99DD-39FC5F05B5ED
[11:02:19.596897] [SceneFactory] [info] (th=18908) Log level for 'SceneFactory' set to 'info'
[11:29:05.489928] [SceneFactory] [info] (th=11164) Log level for 'SceneFactory' set to 'info'
[11:30:39.139568] [SceneFactory] [info] (th=11164) GhostObject is created: id: 68A1AF2A-8348-4FDF-977A-3C8561082D7D
[11:34:01.412800] [SceneFactory] [info] (th=11164) GhostObject is created: id: 50567036-C9C8-49B3-ABB5-296EFB6FD267
[11:53:19.767326] [SceneFactory] [info] (th=11164) GhostObject is created: id: 1B7B7BD3-09E5-48FF-8FFE-A42DB9D9493C
[12:10:24.803614] [SceneFactory] [info] (th=11164) GhostObject is created: id: 2671D540-48B0-4450-8A76-723DBDF2E496
[12:44:22.425494] [SceneFactory] [info] (th=11164) GhostObject is created: id: 2428112B-66EC-404F-B682-E2C19DEE4B93
[13:07:23.059351] [SceneFactory] [info] (th=11164) GhostObject is created: id: 7B356C11-9562-485C-9CB5-DF850152C9D4
[13:11:12.329988] [SceneFactory] [info] (th=11164) GhostObject is created: id: 063BF7BC-1830-454B-865E-54C0BE03A4B2
[16:47:46.587086] [SceneFactory] [info] (th=23836) Log level for 'SceneFactory' set to 'info'
[20:21:00.921953] [SceneFactory] [info] (th=23836) GhostObject is created: id: 1F74CBD5-AB53-409E-B5C9-6829F5DEB128
[20:45:43.181278] [SceneFactory] [info] (th=23836) GhostObject is created: id: 2A7E2EAA-1D0D-4236-9C80-9472B969FCF3
[21:28:53.471963] [SceneFactory] [info] (th=25516) Log level for 'SceneFactory' set to 'info'
[10:07:41.185653] [SceneFactory] [info] (th=18816) Log level for 'SceneFactory' set to 'info'
[10:55:57.640716] [SceneFactory] [info] (th=24672) Log level for 'SceneFactory' set to 'info'
[11:34:16.505572] [SceneFactory] [info] (th=24672) GhostObject is created: id: 70AEE207-0F50-4896-B837-578FDA405069
[13:13:44.418987] [SceneFactory] [info] (th=20928) Log level for 'SceneFactory' set to 'info'
[13:27:32.119220] [SceneFactory] [info] (th=20928) GhostObject is created: id: A1711396-3204-4A00-98FE-FCA824BDD2D1
[13:27:57.074902] [SceneFactory] [info] (th=20928) GhostObject is created: id: 35935011-1FF4-4F2C-AB6A-69184643B0B2
[13:37:02.250619] [SceneFactory] [info] (th=20928) Box is created: id: D2887E7B-B12D-4A8E-ABC4-663FA87C02AA
[18:45:35.769317] [SceneFactory] [info] (th=24964) Log level for 'SceneFactory' set to 'info'
[13:39:42.866793] [SceneFactory] [info] (th=16184) Log level for 'SceneFactory' set to 'info'
[14:59:54.726243] [SceneFactory] [info] (th=16184) Log level for 'SceneFactory' set to 'info'
[17:59:11.132626] [SceneFactory] [info] (th=2112) Log level for 'SceneFactory' set to 'info'
[18:37:34.534352] [SceneFactory] [info] (th=8860) Log level for 'SceneFactory' set to 'info'
[18:38:19.427029] [SceneFactory] [info] (th=16932) Log level for 'SceneFactory' set to 'info'
[09:52:13.821365] [SceneFactory] [info] (th=1552) Log level for 'SceneFactory' set to 'info'
[14:17:25.125061] [SceneFactory] [info] (th=15356) Log level for 'SceneFactory' set to 'info'
[09:52:27.972974] [SceneFactory] [info] (th=15944) Log level for 'SceneFactory' set to 'info'
[10:42:39.667814] [SceneFactory] [info] (th=15944) GhostObject is created: id: 7400C43F-EEDA-42A1-A610-EF42C7A4559B
[12:30:52.708038] [SceneFactory] [info] (th=15944) GhostObject is created: id: 63356D86-E18C-4269-8E62-B292D146050E
[13:42:09.312252] [SceneFactory] [info] (th=15944) GhostObject is created: id: 8D3B49EF-9C06-46CD-9360-18A78C1C0382
[15:33:16.521236] [SceneFactory] [info] (th=21572) Log level for 'SceneFactory' set to 'info'
[16:36:01.513497] [SceneFactory] [info] (th=21572) GhostObject is created: id: 2DCC8C93-678A-47F8-AFB9-9E0E0B50EF0D
[16:57:04.530281] [SceneFactory] [info] (th=21572) GhostObject is created: id: 0CE23E01-EF0B-4BE8-85BA-5E3ADE8E27C9
[10:48:40.990716] [SceneFactory] [info] (th=8444) Log level for 'SceneFactory' set to 'info'
[13:40:43.461599] [SceneFactory] [info] (th=19808) Log level for 'SceneFactory' set to 'info'
[13:47:13.684086] [SceneFactory] [info] (th=19808) GhostObject is created: id: 4BC104F3-6EAC-4B25-81F0-A81A4DFF1BD6
[14:56:03.666839] [SceneFactory] [info] (th=4636) Log level for 'SceneFactory' set to 'info'
[16:31:13.618405] [SceneFactory] [info] (th=12696) Log level for 'SceneFactory' set to 'info'
[19:01:20.448670] [SceneFactory] [info] (th=21288) Log level for 'SceneFactory' set to 'info'
[19:04:02.656470] [SceneFactory] [info] (th=21288) GhostObject is created: id: AEEBE15A-70CA-45F0-B4F0-2C66479B8222
[20:10:09.342857] [SceneFactory] [info] (th=21288) GhostObject is created: id: DC43A2EA-9A88-46A8-A3E5-F4ACF6435CE5
[15:04:08.363872] [SceneFactory] [info] (th=18392) Log level for 'SceneFactory' set to 'info'
[15:21:28.415760] [SceneFactory] [info] (th=18392) Box is created: id: 3D30EC7F-7E73-415B-9647-81C0CA4BD343
[15:50:04.231726] [SceneFactory] [info] (th=18392) Light is created: id: FDBDA832-5FFB-453A-8EB5-DC135BDD4AC4
[16:28:05.193997] [SceneFactory] [info] (th=10324) Log level for 'SceneFactory' set to 'info'
[17:55:17.144074] [SceneFactory] [info] (th=10324) GhostObject is created: id: B3A0F03A-7DD7-4C15-B6B4-A98DB3813AFF
[18:56:15.688514] [SceneFactory] [info] (th=10324) Light is created: id: BCDF82A3-E4A3-4D37-874D-ADD2F5CBDDC9
[11:19:53.576710] [SceneFactory] [info] (th=7672) Log level for 'SceneFactory' set to 'info'
[17:44:12.300276] [SceneFactory] [info] (th=7672) Light is created: id: 19E967E6-BF61-451A-B0C5-C684E94CF68F
[09:41:53.451179] [SceneFactory] [info] (th=2408) Log level for 'SceneFactory' set to 'info'
[11:15:37.803293] [SceneFactory] [info] (th=7524) Log level for 'SceneFactory' set to 'info'
[12:34:09.388014] [SceneFactory] [info] (th=7524) GhostObject is created: id: 0B49690B-ABF7-4359-A981-FF8555FE6AC7
[14:15:37.752177] [SceneFactory] [info] (th=7524) Box is created: id: 76BE121F-8627-4B60-B9E5-600E7BF59FB5
[15:19:09.397248] [SceneFactory] [info] (th=7524) GhostObject is created: id: E4DEDAC3-934A-4B5A-8E17-5C25F8E4874A
[15:21:26.548437] [SceneFactory] [info] (th=7524) GhostObject is created: id: 31EBB1D0-0156-4E6E-9077-8600F9FC9F62
[16:07:48.443241] [SceneFactory] [info] (th=7524) GhostObject is created: id: D8F05A03-0158-4E53-9354-4DDA69E50FF3
[16:29:43.181273] [SceneFactory] [info] (th=7524) GhostObject is created: id: F743A34B-8C90-46E2-9FF0-2B6F98EAB78C
[13:11:42.305436] [SceneFactory] [info] (th=23204) Log level for 'SceneFactory' set to 'info'
[13:34:50.360641] [SceneFactory] [info] (th=23204) GhostObject is created: id: 62F8A5FF-FF39-4EEA-AF2D-BF9BE0158D99
[16:03:38.050738] [SceneFactory] [info] (th=11536) Log level for 'SceneFactory' set to 'info'
[16:56:21.372897] [SceneFactory] [info] (th=13088) Log level for 'SceneFactory' set to 'info'
[18:22:12.813875] [SceneFactory] [info] (th=13088) Light is created: id: FCB76C10-68BB-4D68-BE04-B52795AF65BE
[19:00:55.112037] [SceneFactory] [info] (th=13088) GhostObject is created: id: CFDD21C0-8D7B-4542-B6A2-ECF6316DC03A
[16:53:24.706566] [SceneFactory] [info] (th=21948) Log level for 'SceneFactory' set to 'info'
[10:05:52.079120] [SceneFactory] [info] (th=24700) Log level for 'SceneFactory' set to 'info'
[12:17:02.291776] [SceneFactory] [info] (th=15936) Log level for 'SceneFactory' set to 'info'
[17:51:47.088431] [SceneFactory] [info] (th=2604) Log level for 'SceneFactory' set to 'info'
[11:41:09.146739] [SceneFactory] [info] (th=17072) Log level for 'SceneFactory' set to 'info'
[11:42:36.485297] [SceneFactory] [info] (th=17072) GhostObject is created: id: 527C7E4B-61BC-4748-BD10-7FB420004C5F
[12:45:46.674159] [SceneFactory] [info] (th=17072) Plane is created: id: 1F36E878-6548-4B1F-BF22-665C4797C878
[13:01:24.017249] [SceneFactory] [info] (th=12444) Log level for 'SceneFactory' set to 'info'
